<?xml version="1.0" encoding="UTF-8"?>
<!-- Generated by org.testng.reporters.JUnitReportReporter -->
<testsuite hostname="super-PC" failures="0" tests="1" name="TestScenario1.Exceldata" time="113.569" errors="0" timestamp="2021-08-22T01:01:53 PDT" skipped="0">
  <testcase classname="TestScenario1.Exceldata" name="data" time="113.569"/>
  <system-out/>
</testsuite> <!-- TestScenario1.Exceldata -->
