<?xml version="1.0" encoding="UTF-8"?>
<!-- Generated by org.testng.reporters.JUnitReportReporter -->
<testsuite hostname="super-PC" failures="0" tests="1" name="TestScenario1.Testscript_40" time="102.482" errors="0" timestamp="2021-08-22T00:02:39 PDT" skipped="0">
  <testcase classname="TestScenario1.Testscript_40" name="Testscenario" time="102.482"/>
  <system-out/>
</testsuite> <!-- TestScenario1.Testscript_40 -->
