<?xml version="1.0" encoding="UTF-8"?>
<!-- Generated by org.testng.reporters.JUnitReportReporter -->
<testsuite hostname="super-PC" failures="0" tests="1" name="TestScenario1.Testscript_36" time="37.331" errors="0" timestamp="2021-08-19T03:38:56 PDT" skipped="0">
  <testcase classname="TestScenario1.Testscript_36" name="Testscenario" time="37.331"/>
  <system-out/>
</testsuite> <!-- TestScenario1.Testscript_36 -->
