<?xml version="1.0" encoding="UTF-8"?>
<!-- Generated by org.testng.reporters.JUnitReportReporter -->
<testsuite hostname="super-PC" failures="0" tests="1" name="practice.VtigerPractice1" time="11.467" errors="0" timestamp="2021-08-20T00:14:37 PDT" skipped="0">
  <testcase classname="practice.VtigerPractice1" name="nextprocess" time="11.467"/>
  <system-out/>
</testsuite> <!-- practice.VtigerPractice1 -->
